10.11.2020 12:51:58	This log contains information about the import schema operation into project 'Shop.Database' on computer 'DESKTOP-DG414K4' by user 'USER_WIN'.
10.11.2020 12:51:58	Import of database schema has started.
10.11.2020 12:52:13	Gathering database credentials
10.11.2020 12:52:13	Gathering database options
10.11.2020 12:52:13	Gathering generic database scoped configuration option
10.11.2020 12:52:13	Gathering users
10.11.2020 12:52:13	Gathering roles
10.11.2020 12:52:13	Gathering application roles
10.11.2020 12:52:13	Gathering role memberships
10.11.2020 12:52:13	Gathering filegroups
10.11.2020 12:52:13	Gathering full-text catalogs
10.11.2020 12:52:13	Gathering assemblies
10.11.2020 12:52:13	Gathering certificates
10.11.2020 12:52:13	Gathering asymmetric keys
10.11.2020 12:52:13	Gathering symmetric keys
10.11.2020 12:52:13	Gathering encrypted symmetric keys
10.11.2020 12:52:13	Gathering schemas
10.11.2020 12:52:13	Gathering XML schema collections
10.11.2020 12:52:13	Gathering user-defined data types
10.11.2020 12:52:13	Gathering user-defined types
10.11.2020 12:52:13	Gathering table types
10.11.2020 12:52:13	Gathering unique keys for table types
10.11.2020 12:52:13	Gathering primary keys for table types
10.11.2020 12:52:13	Gathering indexes for table types
10.11.2020 12:52:17	Gathering check constraints for table types
10.11.2020 12:52:17	Gathering default constraints for table types
10.11.2020 12:52:17	Gathering partition functions
10.11.2020 12:52:17	Gathering partition schemes
10.11.2020 12:52:17	Gathering functions
10.11.2020 12:52:17	Gathering encrypted functions
10.11.2020 12:52:17	Gathering aggregates
10.11.2020 12:52:17	Gathering procedures
10.11.2020 12:52:17	Gathering encrypted procedures
10.11.2020 12:52:17	Gathering tables
10.11.2020 12:52:18	Gathering primary keys
10.11.2020 12:52:18	Gathering unique constraints
10.11.2020 12:52:18	Gathering foreign keys
10.11.2020 12:52:18	Gathering default constraints
10.11.2020 12:52:18	Gathering check constraints
10.11.2020 12:52:18	Gathering views
10.11.2020 12:52:18	Gathering encrypted views
10.11.2020 12:52:18	Gathering indexes
10.11.2020 12:52:18	Gathering statistics
10.11.2020 12:52:18	Gathering full-text index stoplists
10.11.2020 12:52:18	Gathering search property lists
10.11.2020 12:52:18	Gathering search properties
10.11.2020 12:52:18	Gathering full-text indexes
10.11.2020 12:52:18	Gathering column store indexes
10.11.2020 12:52:18	Gathering spatial indexes
10.11.2020 12:52:18	Gathering XML indexes
10.11.2020 12:52:18	Gathering Selective XML indexes
10.11.2020 12:52:18	Gathering encrypted triggers
10.11.2020 12:52:18	Gathering triggers
10.11.2020 12:52:18	Gathering encrypted and clr ddl triggers
10.11.2020 12:52:18	Gathering ddl triggers
10.11.2020 12:52:18	Creating edge constraints
10.11.2020 12:52:18	Gathering synonyms
10.11.2020 12:52:18	Gathering defaults
10.11.2020 12:52:18	Gathering data constraint uddt bindings
10.11.2020 12:52:18	Gathering rules
10.11.2020 12:52:18	Gathering data constraint uddt bindings
10.11.2020 12:52:18	Gathering message types
10.11.2020 12:52:18	Gathering queues
10.11.2020 12:52:18	Gathering contracts
10.11.2020 12:52:18	Gathering services
10.11.2020 12:52:18	Gathering event notifications
10.11.2020 12:52:18	Gathering remote service bindings
10.11.2020 12:52:18	Gathering broker priorities
10.11.2020 12:52:18	Gathering signatures
10.11.2020 12:52:18	Gathering data compression options
10.11.2020 12:52:18	Gathering sequence types
10.11.2020 12:52:18	Gathering security policies
10.11.2020 12:52:18	Gather column encryption keys
10.11.2020 12:52:18	Gathering column master keys
10.11.2020 12:52:18	Gathering external data sources
10.11.2020 12:52:18	Gathering external file formats
10.11.2020 12:52:18	Gathering external tables
10.11.2020 12:52:18	Gathering extended properties
10.11.2020 12:52:19	Gathering credentials
10.11.2020 12:52:19	Gathering logins
10.11.2020 12:52:19	Gathering server audits
10.11.2020 12:52:21	Scanning project for duplicate elements
10.11.2020 12:52:21	Finished duplicate element processing
10.11.2020 12:52:24	Finished importing database.
10.11.2020 12:52:24	A summary of the import was saved to the following location: C:\Users\USER_WIN\source\repos\MyShopAPI\ShopAPI\Shop.Database\Import Schema Logs\Shop.Database_20201110095158.log
10.11.2020 12:52:24	Click Finish to continue...
